<?xml version="1.0" encoding="UTF-8"?>
<!-- Generated by org.testng.reporters.JUnitXMLReporter -->
<testsuite ignored="0" hostname="DESKTOP-2G0J7G7" failures="0" tests="2" name="Error Validations Test" time="163.8" errors="0" timestamp="2024-04-22T10:49:23 IST">
  <testcase classname="Tests.ErrorValidationsTest" name="LoginErrorValidation" time="0.006">
    <skipped/>
  </testcase> <!-- LoginErrorValidation -->
  <testcase classname="Tests.ErrorValidationsTest" name="ProductErrorValidation" time="0.0">
    <skipped/>
  </testcase> <!-- ProductErrorValidation -->
</testsuite> <!-- Error Validations Test -->
